<?xml version="1.0" encoding="UTF-8"?>
<!-- Generated by org.testng.reporters.JUnitReportReporter -->
<testsuite hostname="Manikanta_A" failures="0" tests="1" name="com.BBapp.test_Scripts.Test_002" time="105.248" errors="0" timestamp="21 Apr 2023 13:59:49 GMT" skipped="0">
  <testcase classname="com.BBapp.test_Scripts.Test_002" name="test02" time="105.248"/>
</testsuite> <!-- com.BBapp.test_Scripts.Test_002 -->
