<?xml version="1.0" encoding="UTF-8"?>
<!-- Generated by org.testng.reporters.JUnitReportReporter -->
<testsuite hostname="Manikanta_A" failures="0" tests="1" name="com.BBapp.test_Scripts.tc008" time="48.615" errors="0" timestamp="21 Apr 2023 13:26:17 GMT" skipped="0">
  <testcase classname="com.BBapp.test_Scripts.tc008" name="test8" time="48.615"/>
</testsuite> <!-- com.BBapp.test_Scripts.tc008 -->
