<?xml version="1.0" encoding="UTF-8"?>
<!-- Generated by org.testng.reporters.JUnitReportReporter -->
<testsuite hostname="Manikanta_A" failures="0" tests="1" name="com.BBapp.test_Scripts.Test009" time="45.311" errors="0" timestamp="21 Apr 2023 13:26:17 GMT" skipped="0">
  <testcase classname="com.BBapp.test_Scripts.Test009" name="test09" time="45.311"/>
</testsuite> <!-- com.BBapp.test_Scripts.Test009 -->
