<?xml version="1.0" encoding="UTF-8"?>
<!-- Generated by org.testng.reporters.JUnitReportReporter -->
<testsuite hostname="Manikanta_A" failures="0" tests="1" name="com.BBapp.test_Scripts.TC_003" time="46.083" errors="0" timestamp="21 Apr 2023 13:26:17 GMT" skipped="0">
  <testcase classname="com.BBapp.test_Scripts.TC_003" name="test_03" time="46.083"/>
</testsuite> <!-- com.BBapp.test_Scripts.TC_003 -->
