<?xml version="1.0" encoding="UTF-8"?>
<!-- Generated by org.testng.reporters.JUnitReportReporter -->
<testsuite hostname="Manikanta_A" failures="0" tests="1" name="com.BBapp.test_Scripts.TC_007" time="47.920" errors="0" timestamp="21 Apr 2023 13:26:17 GMT" skipped="0">
  <testcase classname="com.BBapp.test_Scripts.TC_007" name="test07" time="47.920"/>
</testsuite> <!-- com.BBapp.test_Scripts.TC_007 -->
