<?xml version="1.0" encoding="UTF-8"?>
<!-- Generated by org.testng.reporters.JUnitReportReporter -->
<testsuite hostname="Manikanta_A" failures="0" tests="1" name="com.JD.testScripts.TestEnd_to_End2" time="146.904" errors="0" timestamp="25 Apr 2023 13:31:02 GMT" skipped="0">
  <testcase classname="com.JD.testScripts.TestEnd_to_End2" name="flightBooking" time="146.904"/>
</testsuite> <!-- com.JD.testScripts.TestEnd_to_End2 -->
