<?xml version="1.0" encoding="UTF-8"?>
<!-- Generated by org.testng.reporters.JUnitReportReporter -->
<testsuite hostname="Manikanta_A" failures="0" tests="1" name="com.JD.testScripts.TestEnd_to_End" time="105.663" errors="0" timestamp="24 Apr 2023 12:44:52 GMT" skipped="0">
  <testcase classname="com.JD.testScripts.TestEnd_to_End" name="flightBooking" time="105.663"/>
</testsuite> <!-- com.JD.testScripts.TestEnd_to_End -->
